app/build/outputs/logs/manifest-merger-debug-report.txt
-- Merging decision tree log ---
manifest
ADDED from src/main/AndroidManifest.xml:17:1-95:12
	package
		ADDED from src/main/AndroidManifest.xml:19:5-35
		INJECTED from src/main/AndroidManifest.xml
		INJECTED from src/main/AndroidManifest.xml
	android:sharedUserId
		ADDED from src/main/AndroidManifest.xml:22:5-46
	android:versionName
		ADDED from src/main/AndroidManifest.xml:21:5-46
		INJECTED from src/main/AndroidManifest.xml
		INJECTED from src/main/AndroidManifest.xml
	xmlns:tools
		ADDED from src/main/AndroidManifest.xml:18:5-51
	android:versionCode
		ADDED from src/main/AndroidManifest.xml:20:5-29
		INJECTED from src/main/AndroidManifest.xml
		INJECTED from src/main/AndroidManifest.xml
	xmlns:android
		ADDED from src/main/AndroidManifest.xml:17:11-69
uses-sdk
ADDED from src/main/AndroidManifest.xml:24:5-27:41
MERGED from [com.android.support:support-v4:25.3.1] AndroidManifest.xml:21:5-23:54
MERGED from [com.android.support:support-fragment:25.3.1] AndroidManifest.xml:21:5-23:60
MERGED from [com.android.support:support-media-compat:25.3.1] AndroidManifest.xml:21:5-23:63
MERGED from [com.android.support:support-core-ui:25.3.1] AndroidManifest.xml:21:5-23:58
MERGED from [com.android.support:support-core-utils:25.3.1] AndroidManifest.xml:21:5-23:61
MERGED from [com.android.support:support-compat:25.3.1] AndroidManifest.xml:21:5-23:58
MERGED from [com.android.support:cardview-v7:25.3.1] AndroidManifest.xml:20:5-43
	tools:overrideLibrary
		ADDED from [com.android.support:support-v4:25.3.1] AndroidManifest.xml:23:9-51
	android:maxSdkVersion
		ADDED from src/main/AndroidManifest.xml:25:9-35
	android:targetSdkVersion
		ADDED from src/main/AndroidManifest.xml:27:9-38
		INJECTED from src/main/AndroidManifest.xml
		INJECTED from src/main/AndroidManifest.xml
	android:minSdkVersion
		ADDED from src/main/AndroidManifest.xml:26:9-35
		INJECTED from src/main/AndroidManifest.xml
		INJECTED from src/main/AndroidManifest.xml
uses-permission#android.permission.WRITE_SETTINGS
ADDED from src/main/AndroidManifest.xml:29:5-73
	android:name
		ADDED from src/main/AndroidManifest.xml:29:22-70
uses-permission#android.permission.WRITE_EXTERNAL_STORAGE
ADDED from src/main/AndroidManifest.xml:30:5-81
	android:name
		ADDED from src/main/AndroidManifest.xml:30:22-78
uses-permission#android.permission.READ_EXTERNAL_STORAGE
ADDED from src/main/AndroidManifest.xml:31:5-80
	android:name
		ADDED from src/main/AndroidManifest.xml:31:22-77
uses-permission#android.permission.INTERNET
ADDED from src/main/AndroidManifest.xml:32:5-67
	android:name
		ADDED from src/main/AndroidManifest.xml:32:22-64
uses-permission#android.permission.ACCESS_SUPERUSER
ADDED from src/main/AndroidManifest.xml:33:5-75
	android:name
		ADDED from src/main/AndroidManifest.xml:33:22-72
uses-permission#android.permission.RECEIVE_BOOT_COMPLETED
ADDED from src/main/AndroidManifest.xml:34:5-81
	android:name
		ADDED from src/main/AndroidManifest.xml:34:22-78
uses-permission#android.permission.WAKE_LOCK
ADDED from src/main/AndroidManifest.xml:35:5-68
	android:name
		ADDED from src/main/AndroidManifest.xml:35:22-65
uses-permission#android.permission.ACCESS_NETWORK_STATE
ADDED from src/main/AndroidManifest.xml:36:5-79
	android:name
		ADDED from src/main/AndroidManifest.xml:36:22-76
uses-permission#android.permission.VIBRATE
ADDED from src/main/AndroidManifest.xml:37:5-66
	android:name
		ADDED from src/main/AndroidManifest.xml:37:22-63
uses-permission#android.permission.REBOOT
ADDED from src/main/AndroidManifest.xml:38:5-40:47
	tools:ignore
		ADDED from src/main/AndroidManifest.xml:40:9-44
	android:name
		ADDED from src/main/AndroidManifest.xml:39:9-49
uses-permission#android.permission.RECOVERY
ADDED from src/main/AndroidManifest.xml:41:5-67
	android:name
		ADDED from src/main/AndroidManifest.xml:41:22-64
uses-permission#android.permission.ACCESS_CACHE_FILESYSTEM
ADDED from src/main/AndroidManifest.xml:42:5-44:47
	tools:ignore
		ADDED from src/main/AndroidManifest.xml:44:9-44
	android:name
		ADDED from src/main/AndroidManifest.xml:43:9-66
uses-permission#com.android.alarm.permission.SET_ALARM
ADDED from src/main/AndroidManifest.xml:45:5-78
	android:name
		ADDED from src/main/AndroidManifest.xml:45:22-75
application
ADDED from src/main/AndroidManifest.xml:47:5-93:19
MERGED from [com.android.support:support-v4:25.3.1] AndroidManifest.xml:29:5-20
MERGED from [com.android.support:support-fragment:25.3.1] AndroidManifest.xml:29:5-20
MERGED from [com.android.support:support-media-compat:25.3.1] AndroidManifest.xml:29:5-20
MERGED from [com.android.support:support-core-ui:25.3.1] AndroidManifest.xml:29:5-20
MERGED from [com.android.support:support-core-utils:25.3.1] AndroidManifest.xml:29:5-20
MERGED from [com.android.support:support-compat:25.3.1] AndroidManifest.xml:29:5-20
MERGED from [com.android.support:cardview-v7:25.3.1] AndroidManifest.xml:26:5-20
	android:label
		ADDED from src/main/AndroidManifest.xml:51:9-41
	android:uiOptions
		ADDED from src/main/AndroidManifest.xml:53:9-53
	android:allowBackup
		ADDED from src/main/AndroidManifest.xml:49:9-35
	android:icon
		ADDED from src/main/AndroidManifest.xml:50:9-50
	android:theme
		ADDED from src/main/AndroidManifest.xml:52:9-49
	android:name
		ADDED from src/main/AndroidManifest.xml:48:9-51
activity#org.aospextended.ota.activities.MainActivity
ADDED from src/main/AndroidManifest.xml:55:9-64:20
	android:label
		ADDED from src/main/AndroidManifest.xml:58:13-45
	android:configChanges
		ADDED from src/main/AndroidManifest.xml:57:13-83
	android:name
		ADDED from src/main/AndroidManifest.xml:56:13-52
intent-filter#android.intent.action.MAIN+android.intent.category.DEFAULT
ADDED from src/main/AndroidManifest.xml:59:13-63:29
action#android.intent.action.MAIN
ADDED from src/main/AndroidManifest.xml:60:17-69
	android:name
		ADDED from src/main/AndroidManifest.xml:60:25-66
category#android.intent.category.DEFAULT
ADDED from src/main/AndroidManifest.xml:62:17-76
	android:name
		ADDED from src/main/AndroidManifest.xml:62:27-73
activity#org.aospextended.ota.activities.AvailableActivity
ADDED from src/main/AndroidManifest.xml:65:9-68:48
	android:label
		ADDED from src/main/AndroidManifest.xml:68:13-45
	android:configChanges
		ADDED from src/main/AndroidManifest.xml:67:13-83
	android:name
		ADDED from src/main/AndroidManifest.xml:66:13-57
activity#org.aospextended.ota.activities.AddonActivity
ADDED from src/main/AndroidManifest.xml:69:9-72:48
	android:label
		ADDED from src/main/AndroidManifest.xml:72:13-45
	android:configChanges
		ADDED from src/main/AndroidManifest.xml:71:13-83
	android:name
		ADDED from src/main/AndroidManifest.xml:70:13-53
activity#org.aospextended.ota.activities.AboutActivity
ADDED from src/main/AndroidManifest.xml:73:9-76:48
	android:label
		ADDED from src/main/AndroidManifest.xml:76:13-45
	android:configChanges
		ADDED from src/main/AndroidManifest.xml:75:13-83
	android:name
		ADDED from src/main/AndroidManifest.xml:74:13-53
activity#org.aospextended.ota.activities.SettingsActivity
ADDED from src/main/AndroidManifest.xml:77:9-80:56
	android:label
		ADDED from src/main/AndroidManifest.xml:80:13-53
	android:configChanges
		ADDED from src/main/AndroidManifest.xml:79:13-83
	android:name
		ADDED from src/main/AndroidManifest.xml:78:13-56
receiver#org.aospextended.ota.receivers.AppReceiver
ADDED from src/main/AndroidManifest.xml:82:9-92:20
	android:enabled
		ADDED from src/main/AndroidManifest.xml:84:13-35
	android:name
		ADDED from src/main/AndroidManifest.xml:83:13-70
intent-filter#android.intent.action.BOOT_COMPLETED+android.intent.action.DOWNLOAD_COMPLETE+android.intent.action.DOWNLOAD_NOTIFICATION_CLICKED+com.ota.update.MANIFEST_CHECK_BACKGROUND+com.ota.update.START_UPDATE_CHECK
ADDED from src/main/AndroidManifest.xml:85:13-91:29
action#android.intent.action.DOWNLOAD_COMPLETE
ADDED from src/main/AndroidManifest.xml:86:17-82
	android:name
		ADDED from src/main/AndroidManifest.xml:86:25-79
action#android.intent.action.DOWNLOAD_NOTIFICATION_CLICKED
ADDED from src/main/AndroidManifest.xml:87:17-94
	android:name
		ADDED from src/main/AndroidManifest.xml:87:25-91
action#android.intent.action.BOOT_COMPLETED
ADDED from src/main/AndroidManifest.xml:88:17-79
	android:name
		ADDED from src/main/AndroidManifest.xml:88:25-76
action#com.ota.update.MANIFEST_CHECK_BACKGROUND
ADDED from src/main/AndroidManifest.xml:89:17-83
	android:name
		ADDED from src/main/AndroidManifest.xml:89:25-80
action#com.ota.update.START_UPDATE_CHECK
ADDED from src/main/AndroidManifest.xml:90:17-76
	android:name
		ADDED from src/main/AndroidManifest.xml:90:25-73
meta-data#android.support.VERSION
ADDED from [com.android.support:support-v4:25.3.1] AndroidManifest.xml:25:5-27:34
MERGED from [com.android.support:support-fragment:25.3.1] AndroidManifest.xml:25:5-27:34
MERGED from [com.android.support:support-media-compat:25.3.1] AndroidManifest.xml:25:5-27:34
MERGED from [com.android.support:support-core-ui:25.3.1] AndroidManifest.xml:25:5-27:34
MERGED from [com.android.support:support-core-utils:25.3.1] AndroidManifest.xml:25:5-27:34
MERGED from [com.android.support:support-compat:25.3.1] AndroidManifest.xml:25:5-27:34
MERGED from [com.android.support:cardview-v7:25.3.1] AndroidManifest.xml:22:5-24:34
	android:value
		ADDED from [com.android.support:support-v4:25.3.1] AndroidManifest.xml:27:9-31
	android:name
		ADDED from [com.android.support:support-v4:25.3.1] AndroidManifest.xml:26:9-47